build/app/intermediates/manifest_merge_blame_file/debug/manifest-merger-blame-debug-report.txt
1<?xml version="1.0" encoding="utf-8"?>
2<manifest xmlns:android="http://schemas.android.com/apk/res/android"
3    package="com.example.home_clean"
4    android:versionCode="1"
5    android:versionName="1.0.0" >
6
7    <uses-sdk
8        android:minSdkVersion="23"
9        android:targetSdkVersion="35" />
10    <!--
11         The INTERNET permission is required for development. Specifically,
12         the Flutter tool needs it to communicate with the running application
13         to allow setting breakpoints, to provide hot reload, etc.
14    -->
15    <uses-permission android:name="android.permission.INTERNET" />
15-->src\main\AndroidManifest.xml:2:4-66
15-->src\main\AndroidManifest.xml:2:21-63
16    <uses-permission android:name="android.permission.ACCESS_NETWORK_STATE" />
16-->src\main\AndroidManifest.xml:3:5-79
16-->src\main\AndroidManifest.xml:3:22-76
17    <uses-permission android:name="android.permission.READ_EXTERNAL_STORAGE" />
17-->src\main\AndroidManifest.xml:4:5-80
17-->src\main\AndroidManifest.xml:4:22-77
18    <uses-permission android:name="android.permission.WRITE_EXTERNAL_STORAGE" />
18-->src\main\AndroidManifest.xml:5:5-81
18-->src\main\AndroidManifest.xml:5:22-78
19    <uses-permission android:name="android.permission.ACCESS_FINE_LOCATION" />
19-->src\main\AndroidManifest.xml:6:5-79
19-->src\main\AndroidManifest.xml:6:22-76
20    <uses-permission android:name="android.permission.ACCESS_COARSE_LOCATION" />
20-->src\main\AndroidManifest.xml:7:5-81
20-->src\main\AndroidManifest.xml:7:22-78
21    <uses-permission android:name="android.permission.POST_NOTIFICATIONS" />
21-->src\main\AndroidManifest.xml:8:5-77
21-->src\main\AndroidManifest.xml:8:22-74
22    <uses-permission android:name="android.permission.ACCESS_NOTIFICATIONS" />
22-->src\main\AndroidManifest.xml:9:5-79
22-->src\main\AndroidManifest.xml:9:22-76
23    <uses-permission android:name="android.permission.ACCESS_NOTIFICATION_POLICY" />
23-->src\main\AndroidManifest.xml:10:5-85
23-->src\main\AndroidManifest.xml:10:22-82
24    <uses-permission android:name="android.permission.MANAGE_NOTIFICATIONS" />
24-->src\main\AndroidManifest.xml:11:5-79
24-->src\main\AndroidManifest.xml:11:22-76
25    <uses-permission android:name="android.permission.FOREGROUND_SERVICE" />
25-->src\main\AndroidManifest.xml:12:5-77
25-->src\main\AndroidManifest.xml:12:22-74
26    <uses-permission android:name="android.permission.ACCESS_BACKGROUND_LOCATION" />
26-->src\main\AndroidManifest.xml:13:5-85
26-->src\main\AndroidManifest.xml:13:22-82
27    <!--
28 Required to query activities that can process text, see:
29         https://developer.android.com/training/package-visibility and
30         https://developer.android.com/reference/android/content/Intent#ACTION_PROCESS_TEXT.
31
32         In particular, this is used by the Flutter engine in io.flutter.plugin.text.ProcessTextPlugin.
33    -->
34    <queries>
34-->src\main\AndroidManifest.xml:61:5-66:15
35        <intent>
35-->src\main\AndroidManifest.xml:62:9-65:18
36            <action android:name="android.intent.action.PROCESS_TEXT" />
36-->src\main\AndroidManifest.xml:63:13-72
36-->src\main\AndroidManifest.xml:63:21-70
37
38            <data android:mimeType="text/plain" />
38-->src\main\AndroidManifest.xml:64:13-50
38-->src\main\AndroidManifest.xml:64:19-48
39        </intent>
40    </queries>
41
42    <uses-permission android:name="android.permission.WAKE_LOCK" />
42-->[:firebase_analytics] AndroidManifest.xml:9:5-68
42-->[:firebase_analytics] AndroidManifest.xml:9:22-65
43    <uses-permission android:name="android.permission.VIBRATE" /> <!-- Required by older versions of Google Play services to create IID tokens -->
43-->[:flutter_local_notifications] AndroidManifest.xml:7:5-66
43-->[:flutter_local_notifications] AndroidManifest.xml:7:22-63
44    <uses-permission android:name="com.google.android.c2dm.permission.RECEIVE" />
44-->[com.google.firebase:firebase-messaging:24.1.0] AndroidManifest.xml:26:5-82
44-->[com.google.firebase:firebase-messaging:24.1.0] AndroidManifest.xml:26:22-79
45    <uses-permission android:name="com.google.android.finsky.permission.BIND_GET_INSTALL_REFERRER_SERVICE" />
45-->[com.google.android.gms:play-services-measurement:22.2.0] AndroidManifest.xml:26:5-110
45-->[com.google.android.gms:play-services-measurement:22.2.0] AndroidManifest.xml:26:22-107
46    <uses-permission android:name="com.google.android.gms.permission.AD_ID" />
46-->[com.google.android.gms:play-services-measurement-impl:22.2.0] AndroidManifest.xml:27:5-79
46-->[com.google.android.gms:play-services-measurement-impl:22.2.0] AndroidManifest.xml:27:22-76
47    <uses-permission android:name="android.permission.ACCESS_ADSERVICES_ATTRIBUTION" />
47-->[com.google.android.gms:play-services-measurement-api:22.2.0] AndroidManifest.xml:26:5-88
47-->[com.google.android.gms:play-services-measurement-api:22.2.0] AndroidManifest.xml:26:22-85
48    <uses-permission android:name="android.permission.ACCESS_ADSERVICES_AD_ID" />
48-->[com.google.android.gms:play-services-measurement-api:22.2.0] AndroidManifest.xml:27:5-82
48-->[com.google.android.gms:play-services-measurement-api:22.2.0] AndroidManifest.xml:27:22-79
49    <uses-permission android:name="com.google.android.providers.gsf.permission.READ_GSERVICES" />
49-->[com.google.android.recaptcha:recaptcha:18.5.1] AndroidManifest.xml:9:5-98
49-->[com.google.android.recaptcha:recaptcha:18.5.1] AndroidManifest.xml:9:22-95
50
51    <permission
51-->[androidx.core:core:1.13.1] AndroidManifest.xml:22:5-24:47
52        android:name="com.example.home_clean.DYNAMIC_RECEIVER_NOT_EXPORTED_PERMISSION"
52-->[androidx.core:core:1.13.1] AndroidManifest.xml:23:9-81
53        android:protectionLevel="signature" />
53-->[androidx.core:core:1.13.1] AndroidManifest.xml:24:9-44
54
55    <uses-permission android:name="com.example.home_clean.DYNAMIC_RECEIVER_NOT_EXPORTED_PERMISSION" />
55-->[androidx.core:core:1.13.1] AndroidManifest.xml:26:5-97
55-->[androidx.core:core:1.13.1] AndroidManifest.xml:26:22-94
56
57    <application
58        android:name="android.app.Application"
59        android:appComponentFactory="androidx.core.app.CoreComponentFactory"
59-->[androidx.core:core:1.13.1] AndroidManifest.xml:28:18-86
60        android:debuggable="true"
61        android:extractNativeLibs="false"
62        android:icon="@mipmap/ic_launcher"
63        android:label="home_clean" >
64        <activity
65            android:name="com.example.home_clean.MainActivity"
66            android:configChanges="orientation|keyboardHidden|keyboard|screenSize|smallestScreenSize|locale|layoutDirection|fontScale|screenLayout|density|uiMode"
67            android:exported="true"
68            android:hardwareAccelerated="true"
69            android:launchMode="singleTop"
70            android:taskAffinity=""
71            android:theme="@style/LaunchTheme"
72            android:windowSoftInputMode="adjustResize" >
73
74            <!--
75                 Specifies an Android theme to apply to this Activity as soon as
76                 the Android process has started. This theme is visible to the user
77                 while the Flutter UI initializes. After that, this theme continues
78                 to determine the Window background behind the Flutter UI.
79            -->
80            <meta-data
81                android:name="io.flutter.embedding.android.NormalTheme"
82                android:resource="@style/NormalTheme" />
83
84            <intent-filter>
85                <action android:name="android.intent.action.MAIN" />
86
87                <category android:name="android.intent.category.LAUNCHER" />
88            </intent-filter>
89        </activity>
90
91        <receiver
92            android:name="com.dexterous.flutterlocalnotifications.ScheduledNotificationReceiver"
93            android:exported="false" />
94        <receiver
95            android:name="com.dexterous.flutterlocalnotifications.ScheduledNotificationBootReceiver"
96            android:exported="false" >
97            <intent-filter>
98                <action android:name="android.intent.action.BOOT_COMPLETED" />
99                <action android:name="android.intent.action.MY_PACKAGE_REPLACED" />
100                <action android:name="android.intent.action.QUICKBOOT_POWERON" />
101                <action android:name="com.htc.intent.action.QUICKBOOT_POWERON" />
102            </intent-filter>
103        </receiver>
104        <!--
105             Don't delete the meta-data below.
106             This is used by the Flutter tool to generate GeneratedPluginRegistrant.java
107        -->
108        <meta-data
109            android:name="flutterEmbedding"
110            android:value="2" />
111
112        <service
112-->[:firebase_analytics] AndroidManifest.xml:12:9-16:19
113            android:name="com.google.firebase.components.ComponentDiscoveryService"
113-->[:firebase_analytics] AndroidManifest.xml:12:18-89
114            android:directBootAware="true"
114-->[com.google.firebase:firebase-common:21.0.0] AndroidManifest.xml:32:13-43
115            android:exported="false" >
115-->[com.google.firebase:firebase-auth:23.1.0] AndroidManifest.xml:68:13-37
116            <meta-data
116-->[:firebase_analytics] AndroidManifest.xml:13:13-15:85
117                android:name="com.google.firebase.components:io.flutter.plugins.firebase.analytics.FlutterFirebaseAppRegistrar"
117-->[:firebase_analytics] AndroidManifest.xml:14:17-128
118                android:value="com.google.firebase.components.ComponentRegistrar" />
118-->[:firebase_analytics] AndroidManifest.xml:15:17-82
119            <meta-data
119-->[:firebase_auth] AndroidManifest.xml:9:13-11:85
120                android:name="com.google.firebase.components:io.flutter.plugins.firebase.auth.FlutterFirebaseAuthRegistrar"
120-->[:firebase_auth] AndroidManifest.xml:10:17-124
121                android:value="com.google.firebase.components.ComponentRegistrar" />
121-->[:firebase_auth] AndroidManifest.xml:11:17-82
122            <meta-data
122-->[:firebase_messaging] AndroidManifest.xml:36:13-38:85
123                android:name="com.google.firebase.components:io.flutter.plugins.firebase.messaging.FlutterFirebaseAppRegistrar"
123-->[:firebase_messaging] AndroidManifest.xml:37:17-128
124                android:value="com.google.firebase.components.ComponentRegistrar" />
124-->[:firebase_messaging] AndroidManifest.xml:38:17-82
125            <meta-data
125-->[:firebase_core] AndroidManifest.xml:9:13-11:85
126                android:name="com.google.firebase.components:io.flutter.plugins.firebase.core.FlutterFirebaseCoreRegistrar"
126-->[:firebase_core] AndroidManifest.xml:10:17-124
127                android:value="com.google.firebase.components.ComponentRegistrar" />
127-->[:firebase_core] AndroidManifest.xml:11:17-82
128            <meta-data
128-->[com.google.firebase:firebase-auth:23.1.0] AndroidManifest.xml:69:13-71:85
129                android:name="com.google.firebase.components:com.google.firebase.auth.FirebaseAuthRegistrar"
129-->[com.google.firebase:firebase-auth:23.1.0] AndroidManifest.xml:70:17-109
130                android:value="com.google.firebase.components.ComponentRegistrar" />
130-->[com.google.firebase:firebase-auth:23.1.0] AndroidManifest.xml:71:17-82
131            <meta-data
131-->[com.google.firebase:firebase-messaging:24.1.0] AndroidManifest.xml:57:13-59:85
132                android:name="com.google.firebase.components:com.google.firebase.messaging.FirebaseMessagingKtxRegistrar"
132-->[com.google.firebase:firebase-messaging:24.1.0] AndroidManifest.xml:58:17-122
133                android:value="com.google.firebase.components.ComponentRegistrar" />
133-->[com.google.firebase:firebase-messaging:24.1.0] AndroidManifest.xml:59:17-82
134            <meta-data
134-->[com.google.firebase:firebase-messaging:24.1.0] AndroidManifest.xml:60:13-62:85
135                android:name="com.google.firebase.components:com.google.firebase.messaging.FirebaseMessagingRegistrar"
135-->[com.google.firebase:firebase-messaging:24.1.0] AndroidManifest.xml:61:17-119
136                android:value="com.google.firebase.components.ComponentRegistrar" />
136-->[com.google.firebase:firebase-messaging:24.1.0] AndroidManifest.xml:62:17-82
137            <meta-data
137-->[com.google.android.gms:play-services-measurement-api:22.2.0] AndroidManifest.xml:33:13-35:85
138                android:name="com.google.firebase.components:com.google.firebase.analytics.connector.internal.AnalyticsConnectorRegistrar"
138-->[com.google.android.gms:play-services-measurement-api:22.2.0] AndroidManifest.xml:34:17-139
139                android:value="com.google.firebase.components.ComponentRegistrar" />
139-->[com.google.android.gms:play-services-measurement-api:22.2.0] AndroidManifest.xml:35:17-82
140            <meta-data
140-->[com.google.firebase:firebase-installations:18.0.0] AndroidManifest.xml:15:13-17:85
141                android:name="com.google.firebase.components:com.google.firebase.installations.FirebaseInstallationsKtxRegistrar"
141-->[com.google.firebase:firebase-installations:18.0.0] AndroidManifest.xml:16:17-130
142                android:value="com.google.firebase.components.ComponentRegistrar" />
142-->[com.google.firebase:firebase-installations:18.0.0] AndroidManifest.xml:17:17-82
143            <meta-data
143-->[com.google.firebase:firebase-installations:18.0.0] AndroidManifest.xml:18:13-20:85
144                android:name="com.google.firebase.components:com.google.firebase.installations.FirebaseInstallationsRegistrar"
144-->[com.google.firebase:firebase-installations:18.0.0] AndroidManifest.xml:19:17-127
145                android:value="com.google.firebase.components.ComponentRegistrar" />
145-->[com.google.firebase:firebase-installations:18.0.0] AndroidManifest.xml:20:17-82
146            <meta-data
146-->[com.google.firebase:firebase-common-ktx:21.0.0] AndroidManifest.xml:12:13-14:85
147                android:name="com.google.firebase.components:com.google.firebase.ktx.FirebaseCommonLegacyRegistrar"
147-->[com.google.firebase:firebase-common-ktx:21.0.0] AndroidManifest.xml:13:17-116
148                android:value="com.google.firebase.components.ComponentRegistrar" />
148-->[com.google.firebase:firebase-common-ktx:21.0.0] AndroidManifest.xml:14:17-82
149            <meta-data
149-->[com.google.firebase:firebase-common:21.0.0] AndroidManifest.xml:35:13-37:85
150                android:name="com.google.firebase.components:com.google.firebase.FirebaseCommonKtxRegistrar"
150-->[com.google.firebase:firebase-common:21.0.0] AndroidManifest.xml:36:17-109
151                android:value="com.google.firebase.components.ComponentRegistrar" />
151-->[com.google.firebase:firebase-common:21.0.0] AndroidManifest.xml:37:17-82
152            <meta-data
152-->[com.google.firebase:firebase-datatransport:18.2.0] AndroidManifest.xml:25:13-27:85
153                android:name="com.google.firebase.components:com.google.firebase.datatransport.TransportRegistrar"
153-->[com.google.firebase:firebase-datatransport:18.2.0] AndroidManifest.xml:26:17-115
154                android:value="com.google.firebase.components.ComponentRegistrar" />
154-->[com.google.firebase:firebase-datatransport:18.2.0] AndroidManifest.xml:27:17-82
155        </service>
156        <service
156-->[:firebase_messaging] AndroidManifest.xml:14:9-17:72
157            android:name="io.flutter.plugins.firebase.messaging.FlutterFirebaseMessagingBackgroundService"
157-->[:firebase_messaging] AndroidManifest.xml:15:13-107
158            android:exported="false"
158-->[:firebase_messaging] AndroidManifest.xml:16:13-37
159            android:permission="android.permission.BIND_JOB_SERVICE" />
159-->[:firebase_messaging] AndroidManifest.xml:17:13-69
160        <service
160-->[:firebase_messaging] AndroidManifest.xml:18:9-24:19
161            android:name="io.flutter.plugins.firebase.messaging.FlutterFirebaseMessagingService"
161-->[:firebase_messaging] AndroidManifest.xml:19:13-97
162            android:exported="false" >
162-->[:firebase_messaging] AndroidManifest.xml:20:13-37
163            <intent-filter>
163-->[:firebase_messaging] AndroidManifest.xml:21:13-23:29
164                <action android:name="com.google.firebase.MESSAGING_EVENT" />
164-->[:firebase_messaging] AndroidManifest.xml:22:17-78
164-->[:firebase_messaging] AndroidManifest.xml:22:25-75
165            </intent-filter>
166        </service>
167
168        <receiver
168-->[:firebase_messaging] AndroidManifest.xml:26:9-33:20
169            android:name="io.flutter.plugins.firebase.messaging.FlutterFirebaseMessagingReceiver"
169-->[:firebase_messaging] AndroidManifest.xml:27:13-98
170            android:exported="true"
170-->[:firebase_messaging] AndroidManifest.xml:28:13-36
171            android:permission="com.google.android.c2dm.permission.SEND" >
171-->[:firebase_messaging] AndroidManifest.xml:29:13-73
172            <intent-filter>
172-->[:firebase_messaging] AndroidManifest.xml:30:13-32:29
173                <action android:name="com.google.android.c2dm.intent.RECEIVE" />
173-->[:firebase_messaging] AndroidManifest.xml:31:17-81
173-->[:firebase_messaging] AndroidManifest.xml:31:25-78
174            </intent-filter>
175        </receiver>
176
177        <provider
177-->[:firebase_messaging] AndroidManifest.xml:41:9-45:38
178            android:name="io.flutter.plugins.firebase.messaging.FlutterFirebaseMessagingInitProvider"
178-->[:firebase_messaging] AndroidManifest.xml:42:13-102
179            android:authorities="com.example.home_clean.flutterfirebasemessaginginitprovider"
179-->[:firebase_messaging] AndroidManifest.xml:43:13-88
180            android:exported="false"
180-->[:firebase_messaging] AndroidManifest.xml:44:13-37
181            android:initOrder="99" />
181-->[:firebase_messaging] AndroidManifest.xml:45:13-35
182
183        <service
183-->[:geolocator_android] AndroidManifest.xml:8:9-12:56
184            android:name="com.baseflow.geolocator.GeolocatorLocationService"
184-->[:geolocator_android] AndroidManifest.xml:9:13-77
185            android:enabled="true"
185-->[:geolocator_android] AndroidManifest.xml:10:13-35
186            android:exported="false"
186-->[:geolocator_android] AndroidManifest.xml:11:13-37
187            android:foregroundServiceType="location" />
187-->[:geolocator_android] AndroidManifest.xml:12:13-53
188        <service
188-->[:location] AndroidManifest.xml:11:9-15:56
189            android:name="com.lyokone.location.FlutterLocationService"
189-->[:location] AndroidManifest.xml:12:13-71
190            android:enabled="true"
190-->[:location] AndroidManifest.xml:13:13-35
191            android:exported="false"
191-->[:location] AndroidManifest.xml:14:13-37
192            android:foregroundServiceType="location" />
192-->[:location] AndroidManifest.xml:15:13-53
193
194        <activity
194-->[:url_launcher_android] AndroidManifest.xml:8:9-11:74
195            android:name="io.flutter.plugins.urllauncher.WebViewActivity"
195-->[:url_launcher_android] AndroidManifest.xml:9:13-74
196            android:exported="false"
196-->[:url_launcher_android] AndroidManifest.xml:10:13-37
197            android:theme="@android:style/Theme.NoTitleBar.Fullscreen" />
197-->[:url_launcher_android] AndroidManifest.xml:11:13-71
198        <activity
198-->[com.google.firebase:firebase-auth:23.1.0] AndroidManifest.xml:29:9-46:20
199            android:name="com.google.firebase.auth.internal.GenericIdpActivity"
199-->[com.google.firebase:firebase-auth:23.1.0] AndroidManifest.xml:30:13-80
200            android:excludeFromRecents="true"
200-->[com.google.firebase:firebase-auth:23.1.0] AndroidManifest.xml:31:13-46
201            android:exported="true"
201-->[com.google.firebase:firebase-auth:23.1.0] AndroidManifest.xml:32:13-36
202            android:launchMode="singleTask"
202-->[com.google.firebase:firebase-auth:23.1.0] AndroidManifest.xml:33:13-44
203            android:theme="@android:style/Theme.Translucent.NoTitleBar" >
203-->[com.google.firebase:firebase-auth:23.1.0] AndroidManifest.xml:34:13-72
204            <intent-filter>
204-->[com.google.firebase:firebase-auth:23.1.0] AndroidManifest.xml:35:13-45:29
205                <action android:name="android.intent.action.VIEW" />
205-->[com.google.firebase:firebase-auth:23.1.0] AndroidManifest.xml:36:17-69
205-->[com.google.firebase:firebase-auth:23.1.0] AndroidManifest.xml:36:25-66
206
207                <category android:name="android.intent.category.DEFAULT" />
207-->[com.google.firebase:firebase-auth:23.1.0] AndroidManifest.xml:38:17-76
207-->[com.google.firebase:firebase-auth:23.1.0] AndroidManifest.xml:38:27-73
208                <category android:name="android.intent.category.BROWSABLE" />
208-->[com.google.firebase:firebase-auth:23.1.0] AndroidManifest.xml:39:17-78
208-->[com.google.firebase:firebase-auth:23.1.0] AndroidManifest.xml:39:27-75
209
210                <data
210-->src\main\AndroidManifest.xml:64:13-50
211                    android:host="firebase.auth"
212                    android:path="/"
213                    android:scheme="genericidp" />
214            </intent-filter>
215        </activity>
216        <activity
216-->[com.google.firebase:firebase-auth:23.1.0] AndroidManifest.xml:47:9-64:20
217            android:name="com.google.firebase.auth.internal.RecaptchaActivity"
217-->[com.google.firebase:firebase-auth:23.1.0] AndroidManifest.xml:48:13-79
218            android:excludeFromRecents="true"
218-->[com.google.firebase:firebase-auth:23.1.0] AndroidManifest.xml:49:13-46
219            android:exported="true"
219-->[com.google.firebase:firebase-auth:23.1.0] AndroidManifest.xml:50:13-36
220            android:launchMode="singleTask"
220-->[com.google.firebase:firebase-auth:23.1.0] AndroidManifest.xml:51:13-44
221            android:theme="@android:style/Theme.Translucent.NoTitleBar" >
221-->[com.google.firebase:firebase-auth:23.1.0] AndroidManifest.xml:52:13-72
222            <intent-filter>
222-->[com.google.firebase:firebase-auth:23.1.0] AndroidManifest.xml:53:13-63:29
223                <action android:name="android.intent.action.VIEW" />
223-->[com.google.firebase:firebase-auth:23.1.0] AndroidManifest.xml:36:17-69
223-->[com.google.firebase:firebase-auth:23.1.0] AndroidManifest.xml:36:25-66
224
225                <category android:name="android.intent.category.DEFAULT" />
225-->[com.google.firebase:firebase-auth:23.1.0] AndroidManifest.xml:38:17-76
225-->[com.google.firebase:firebase-auth:23.1.0] AndroidManifest.xml:38:27-73
226                <category android:name="android.intent.category.BROWSABLE" />
226-->[com.google.firebase:firebase-auth:23.1.0] AndroidManifest.xml:39:17-78
226-->[com.google.firebase:firebase-auth:23.1.0] AndroidManifest.xml:39:27-75
227
228                <data
228-->src\main\AndroidManifest.xml:64:13-50
229                    android:host="firebase.auth"
230                    android:path="/"
231                    android:scheme="recaptcha" />
232            </intent-filter>
233        </activity>
234
235        <uses-library
235-->[androidx.window:window:1.2.0] AndroidManifest.xml:23:9-25:40
236            android:name="androidx.window.extensions"
236-->[androidx.window:window:1.2.0] AndroidManifest.xml:24:13-54
237            android:required="false" />
237-->[androidx.window:window:1.2.0] AndroidManifest.xml:25:13-37
238        <uses-library
238-->[androidx.window:window:1.2.0] AndroidManifest.xml:26:9-28:40
239            android:name="androidx.window.sidecar"
239-->[androidx.window:window:1.2.0] AndroidManifest.xml:27:13-51
240            android:required="false" />
240-->[androidx.window:window:1.2.0] AndroidManifest.xml:28:13-37
241
242        <receiver
242-->[com.google.firebase:firebase-messaging:24.1.0] AndroidManifest.xml:29:9-40:20
243            android:name="com.google.firebase.iid.FirebaseInstanceIdReceiver"
243-->[com.google.firebase:firebase-messaging:24.1.0] AndroidManifest.xml:30:13-78
244            android:exported="true"
244-->[com.google.firebase:firebase-messaging:24.1.0] AndroidManifest.xml:31:13-36
245            android:permission="com.google.android.c2dm.permission.SEND" >
245-->[com.google.firebase:firebase-messaging:24.1.0] AndroidManifest.xml:32:13-73
246            <intent-filter>
246-->[:firebase_messaging] AndroidManifest.xml:30:13-32:29
247                <action android:name="com.google.android.c2dm.intent.RECEIVE" />
247-->[:firebase_messaging] AndroidManifest.xml:31:17-81
247-->[:firebase_messaging] AndroidManifest.xml:31:25-78
248            </intent-filter>
249
250            <meta-data
250-->[com.google.firebase:firebase-messaging:24.1.0] AndroidManifest.xml:37:13-39:40
251                android:name="com.google.android.gms.cloudmessaging.FINISHED_AFTER_HANDLED"
251-->[com.google.firebase:firebase-messaging:24.1.0] AndroidManifest.xml:38:17-92
252                android:value="true" />
252-->[com.google.firebase:firebase-messaging:24.1.0] AndroidManifest.xml:39:17-37
253        </receiver>
254        <!--
255             FirebaseMessagingService performs security checks at runtime,
256             but set to not exported to explicitly avoid allowing another app to call it.
257        -->
258        <service
258-->[com.google.firebase:firebase-messaging:24.1.0] AndroidManifest.xml:46:9-53:19
259            android:name="com.google.firebase.messaging.FirebaseMessagingService"
259-->[com.google.firebase:firebase-messaging:24.1.0] AndroidManifest.xml:47:13-82
260            android:directBootAware="true"
260-->[com.google.firebase:firebase-messaging:24.1.0] AndroidManifest.xml:48:13-43
261            android:exported="false" >
261-->[com.google.firebase:firebase-messaging:24.1.0] AndroidManifest.xml:49:13-37
262            <intent-filter android:priority="-500" >
262-->[:firebase_messaging] AndroidManifest.xml:21:13-23:29
263                <action android:name="com.google.firebase.MESSAGING_EVENT" />
263-->[:firebase_messaging] AndroidManifest.xml:22:17-78
263-->[:firebase_messaging] AndroidManifest.xml:22:25-75
264            </intent-filter>
265        </service>
266
267        <receiver
267-->[com.google.android.gms:play-services-measurement:22.2.0] AndroidManifest.xml:29:9-33:20
268            android:name="com.google.android.gms.measurement.AppMeasurementReceiver"
268-->[com.google.android.gms:play-services-measurement:22.2.0] AndroidManifest.xml:30:13-85
269            android:enabled="true"
269-->[com.google.android.gms:play-services-measurement:22.2.0] AndroidManifest.xml:31:13-35
270            android:exported="false" >
270-->[com.google.android.gms:play-services-measurement:22.2.0] AndroidManifest.xml:32:13-37
271        </receiver>
272
273        <service
273-->[com.google.android.gms:play-services-measurement:22.2.0] AndroidManifest.xml:35:9-38:40
274            android:name="com.google.android.gms.measurement.AppMeasurementService"
274-->[com.google.android.gms:play-services-measurement:22.2.0] AndroidManifest.xml:36:13-84
275            android:enabled="true"
275-->[com.google.android.gms:play-services-measurement:22.2.0] AndroidManifest.xml:37:13-35
276            android:exported="false" />
276-->[com.google.android.gms:play-services-measurement:22.2.0] AndroidManifest.xml:38:13-37
277        <service
277-->[com.google.android.gms:play-services-measurement:22.2.0] AndroidManifest.xml:39:9-43:72
278            android:name="com.google.android.gms.measurement.AppMeasurementJobService"
278-->[com.google.android.gms:play-services-measurement:22.2.0] AndroidManifest.xml:40:13-87
279            android:enabled="true"
279-->[com.google.android.gms:play-services-measurement:22.2.0] AndroidManifest.xml:41:13-35
280            android:exported="false"
280-->[com.google.android.gms:play-services-measurement:22.2.0] AndroidManifest.xml:42:13-37
281            android:permission="android.permission.BIND_JOB_SERVICE" />
281-->[com.google.android.gms:play-services-measurement:22.2.0] AndroidManifest.xml:43:13-69
282        <service
282-->[androidx.credentials:credentials-play-services-auth:1.2.0-rc01] AndroidManifest.xml:24:9-32:19
283            android:name="androidx.credentials.playservices.CredentialProviderMetadataHolder"
283-->[androidx.credentials:credentials-play-services-auth:1.2.0-rc01] AndroidManifest.xml:25:13-94
284            android:enabled="true"
284-->[androidx.credentials:credentials-play-services-auth:1.2.0-rc01] AndroidManifest.xml:26:13-35
285            android:exported="false" >
285-->[androidx.credentials:credentials-play-services-auth:1.2.0-rc01] AndroidManifest.xml:27:13-37
286            <meta-data
286-->[androidx.credentials:credentials-play-services-auth:1.2.0-rc01] AndroidManifest.xml:29:13-31:104
287                android:name="androidx.credentials.CREDENTIAL_PROVIDER_KEY"
287-->[androidx.credentials:credentials-play-services-auth:1.2.0-rc01] AndroidManifest.xml:30:17-76
288                android:value="androidx.credentials.playservices.CredentialProviderPlayServicesImpl" />
288-->[androidx.credentials:credentials-play-services-auth:1.2.0-rc01] AndroidManifest.xml:31:17-101
289        </service>
290
291        <activity
291-->[androidx.credentials:credentials-play-services-auth:1.2.0-rc01] AndroidManifest.xml:34:9-41:20
292            android:name="androidx.credentials.playservices.HiddenActivity"
292-->[androidx.credentials:credentials-play-services-auth:1.2.0-rc01] AndroidManifest.xml:35:13-76
293            android:configChanges="orientation|screenSize|screenLayout|keyboardHidden"
293-->[androidx.credentials:credentials-play-services-auth:1.2.0-rc01] AndroidManifest.xml:36:13-87
294            android:enabled="true"
294-->[androidx.credentials:credentials-play-services-auth:1.2.0-rc01] AndroidManifest.xml:37:13-35
295            android:exported="false"
295-->[androidx.credentials:credentials-play-services-auth:1.2.0-rc01] AndroidManifest.xml:38:13-37